<?xml version="1.0" encoding="UTF-8"?>
<!-- Generated by org.testng.reporters.JUnitReportReporter -->
<testsuite hostname="DESKTOP-1SN7E1G" failures="0" tests="3" name="rahulshettyacademy.test.SubmitOrderTest" time="27.042" errors="0" timestamp="2024-09-01T14:39:24 IST" skipped="0">
  <testcase classname="rahulshettyacademy.test.SubmitOrderTest" name="orderHistoryTest" time="7.118"/>
  <system-out/>
  <testcase classname="rahulshettyacademy.test.SubmitOrderTest" name="submitOrder" time="10.310"/>
  <system-out/>
  <testcase classname="rahulshettyacademy.test.SubmitOrderTest" name="submitOrder" time="9.614"/>
  <system-out/>
</testsuite> <!-- rahulshettyacademy.test.SubmitOrderTest -->
